<?xml version="1.0" encoding="UTF-8"?>
<!-- Generated by org.testng.reporters.JUnitReportReporter -->
<testsuite skipped="0" hostname="Clovers-MBP.fritz.box" name="testcases.TestGetVideoGame" tests="3" failures="0" timestamp="2021-02-01T04:09:36 NZDT" time="1.601" errors="0">
  <testcase name="getVideoGamesCount" time="0.914" classname="testcases.TestGetVideoGame"/>
  <system-out/>
  <testcase name="testGetAllVideoGames" time="0.069" classname="testcases.TestGetVideoGame"/>
  <system-out/>
  <testcase name="testSearchByOne" time="0.618" classname="testcases.TestGetVideoGame"/>
  <system-out/>
</testsuite> <!-- testcases.TestGetVideoGame -->
