<?xml version="1.0" encoding="UTF-8"?>
<!-- Generated by org.testng.reporters.JUnitReportReporter -->
<testsuite skipped="0" hostname="Clovers-MBP.fritz.box" name="testcases.TestGetVideoGame" tests="1" failures="0" timestamp="2021-02-03T11:26:57 NZDT" time="1.071" errors="0">
  <testcase name="testGetAllVideoGames" time="1.071" classname="testcases.TestGetVideoGame"/>
  <system-out/>
</testsuite> <!-- testcases.TestGetVideoGame -->
