<?xml version="1.0" encoding="UTF-8"?>
<!-- Generated by org.testng.reporters.JUnitReportReporter -->
<testsuite skipped="0" hostname="Clovers-MBP.fritz.box" name="testcases.TestGetVideoGame" tests="2" failures="0" timestamp="2021-02-03T03:40:34 NZDT" time="1.595" errors="0">
  <testcase name="testGetAllVideoGames" time="0.973" classname="testcases.TestGetVideoGame"/>
  <system-out/>
  <testcase name="testSearchByID" time="0.622" classname="testcases.TestGetVideoGame"/>
  <system-out/>
</testsuite> <!-- testcases.TestGetVideoGame -->
