<?xml version="1.0" encoding="UTF-8"?>
<!-- Generated by org.testng.reporters.JUnitReportReporter -->
<testsuite skipped="0" hostname="Clovers-MBP.fritz.box" name="testcases.TestGetVideoGame" tests="1" failures="0" timestamp="2021-02-03T16:09:28 NZDT" time="1.951" errors="0">
  <testcase name="testSearchByInvalidID" time="1.951" classname="testcases.TestGetVideoGame"/>
  <system-out/>
</testsuite> <!-- testcases.TestGetVideoGame -->
